[2017-11-03 22:46:05.735] [DEBUG] debug - config utils fillSession
[2017-11-03 22:46:05.736] [DEBUG] debug - config utils fillWebSession
[2017-11-03 22:46:56.740] [DEBUG] debug - routes index sendActivationLink
[2017-11-03 22:46:56.740] [DEBUG] debug - crud index sendActivationLink
[2017-11-03 22:46:56.741] [DEBUG] debug - crud common sendLink
[2017-11-03 22:46:56.741] [DEBUG] debug - config utils randomStringGenerate
[2017-11-03 22:46:56.826] [DEBUG] debug - crud result[object Object]
[2017-11-03 22:46:56.826] [DEBUG] debug - utils create mail verificationlink { type: 'verificationlink',
  email: 'mayank@gmail.com',
  url: 'http://localhost:4200/#/emailactivate?e=mayank@gmail.com&t=OOvSVYz02GhTzRFKysH3ocIqbQp1TJ6X' }
[2017-11-03 22:46:56.828] [DEBUG] debug - config utils sendMail
[2017-11-03 22:47:08.909] [ERROR] debug - { Error: self signed certificate in certificate chain
    at Error (native)
    at TLSSocket.<anonymous> (_tls_wrap.js:1092:38)
    at emitNone (events.js:86:13)
    at TLSSocket.emit (events.js:185:7)
    at TLSSocket._finishInit (_tls_wrap.js:610:8)
    at TLSWrap.ssl.onhandshakedone (_tls_wrap.js:440:38) code: 'ECONNECTION', command: 'CONN' }
[2017-11-03 22:47:08.917] [ERROR] debug - error sending mail
[2017-11-03 22:49:06.439] [DEBUG] debug - routes index webindex
[2017-11-03 22:49:06.439] [DEBUG] debug - crud index checkSession
[2017-11-03 22:49:06.446] [DEBUG] debug - crud result{ _id: 59e39fa0bb54a53bc00717b5,
  useremail: 'mayank@gmail.com',
  username: 'mayank1',
  password1: 'a15170758fc1203eb3d0d444e5eabe114e92850364e170f6a41840b95399910354e28b29783b1928b3c492d61162798262dfe1dc3857164788a53cccee850441',
  role: 'customer',
  salt: '2f2a3e9f49381429',
  userid: 'iGBKoupScA789RkPPdjsRXBvrigMiNCM',
  registrationdate: 2017-10-15T17:49:20.441Z,
  emailverified: false,
  __v: 0,
  emailactivationtoken: 'OOvSVYz02GhTzRFKysH3ocIqbQp1TJ6X',
  social: [] }
[2017-11-03 22:49:06.447] [DEBUG] debug - config utils fillSession
[2017-11-03 22:49:06.448] [DEBUG] debug - config utils fillWebSession
[2017-11-03 22:52:31.294] [DEBUG] debug - routes index webindex
[2017-11-03 22:52:31.294] [DEBUG] debug - crud index checkSession
[2017-11-03 22:52:31.303] [DEBUG] debug - crud result{ _id: 59e39fa0bb54a53bc00717b5,
  useremail: 'mayank@gmail.com',
  username: 'mayank1',
  password1: 'a15170758fc1203eb3d0d444e5eabe114e92850364e170f6a41840b95399910354e28b29783b1928b3c492d61162798262dfe1dc3857164788a53cccee850441',
  role: 'customer',
  salt: '2f2a3e9f49381429',
  userid: 'iGBKoupScA789RkPPdjsRXBvrigMiNCM',
  registrationdate: 2017-10-15T17:49:20.441Z,
  emailverified: false,
  __v: 0,
  emailactivationtoken: 'OOvSVYz02GhTzRFKysH3ocIqbQp1TJ6X',
  social: [] }
[2017-11-03 22:52:31.304] [DEBUG] debug - config utils fillSession
[2017-11-03 22:52:31.304] [DEBUG] debug - config utils fillWebSession
[2017-11-03 22:54:02.094] [DEBUG] debug - routes index webindex
[2017-11-03 22:54:02.095] [DEBUG] debug - crud index checkSession
[2017-11-03 22:54:02.098] [DEBUG] debug - crud result{ _id: 59e39fa0bb54a53bc00717b5,
  useremail: 'mayank@gmail.com',
  username: 'mayank1',
  password1: 'a15170758fc1203eb3d0d444e5eabe114e92850364e170f6a41840b95399910354e28b29783b1928b3c492d61162798262dfe1dc3857164788a53cccee850441',
  role: 'customer',
  salt: '2f2a3e9f49381429',
  userid: 'iGBKoupScA789RkPPdjsRXBvrigMiNCM',
  registrationdate: 2017-10-15T17:49:20.441Z,
  emailverified: false,
  __v: 0,
  emailactivationtoken: 'OOvSVYz02GhTzRFKysH3ocIqbQp1TJ6X',
  social: [] }
[2017-11-03 22:54:02.099] [DEBUG] debug - config utils fillSession
[2017-11-03 22:54:02.099] [DEBUG] debug - config utils fillWebSession
[2017-11-03 22:55:52.029] [DEBUG] debug - routes index webindex
[2017-11-03 22:55:52.035] [DEBUG] debug - crud index checkSession
[2017-11-03 22:55:52.089] [DEBUG] debug - crud result{ _id: 59e39fa0bb54a53bc00717b5,
  useremail: 'mayank@gmail.com',
  username: 'mayank1',
  password1: 'a15170758fc1203eb3d0d444e5eabe114e92850364e170f6a41840b95399910354e28b29783b1928b3c492d61162798262dfe1dc3857164788a53cccee850441',
  role: 'customer',
  salt: '2f2a3e9f49381429',
  userid: 'iGBKoupScA789RkPPdjsRXBvrigMiNCM',
  registrationdate: 2017-10-15T17:49:20.441Z,
  emailverified: false,
  __v: 0,
  emailactivationtoken: 'OOvSVYz02GhTzRFKysH3ocIqbQp1TJ6X',
  social: [] }
[2017-11-03 22:55:52.091] [DEBUG] debug - config utils fillSession
[2017-11-03 22:55:52.096] [DEBUG] debug - config utils fillWebSession
[2017-11-03 22:56:29.955] [DEBUG] debug - routes index webindex
[2017-11-03 22:56:29.957] [DEBUG] debug - crud index checkSession
[2017-11-03 22:56:29.971] [DEBUG] debug - crud result{ _id: 59e39fa0bb54a53bc00717b5,
  useremail: 'mayank@gmail.com',
  username: 'mayank1',
  password1: 'a15170758fc1203eb3d0d444e5eabe114e92850364e170f6a41840b95399910354e28b29783b1928b3c492d61162798262dfe1dc3857164788a53cccee850441',
  role: 'customer',
  salt: '2f2a3e9f49381429',
  userid: 'iGBKoupScA789RkPPdjsRXBvrigMiNCM',
  registrationdate: 2017-10-15T17:49:20.441Z,
  emailverified: false,
  __v: 0,
  emailactivationtoken: 'OOvSVYz02GhTzRFKysH3ocIqbQp1TJ6X',
  social: [] }
[2017-11-03 22:56:29.972] [DEBUG] debug - config utils fillSession
[2017-11-03 22:56:29.973] [DEBUG] debug - config utils fillWebSession
[2017-11-03 22:57:15.413] [DEBUG] debug - routes index webindex
[2017-11-03 22:57:15.419] [DEBUG] debug - crud index checkSession
[2017-11-03 22:57:15.469] [DEBUG] debug - crud result{ _id: 59e39fa0bb54a53bc00717b5,
  useremail: 'mayank@gmail.com',
  username: 'mayank1',
  password1: 'a15170758fc1203eb3d0d444e5eabe114e92850364e170f6a41840b95399910354e28b29783b1928b3c492d61162798262dfe1dc3857164788a53cccee850441',
  role: 'customer',
  salt: '2f2a3e9f49381429',
  userid: 'iGBKoupScA789RkPPdjsRXBvrigMiNCM',
  registrationdate: 2017-10-15T17:49:20.441Z,
  emailverified: false,
  __v: 0,
  emailactivationtoken: 'OOvSVYz02GhTzRFKysH3ocIqbQp1TJ6X',
  social: [] }
[2017-11-03 22:57:15.470] [DEBUG] debug - config utils fillSession
[2017-11-03 22:57:15.477] [DEBUG] debug - config utils fillWebSession
[2017-11-03 22:58:59.115] [DEBUG] debug - routes index webindex
[2017-11-03 22:58:59.115] [DEBUG] debug - crud index checkSession
[2017-11-03 22:58:59.133] [DEBUG] debug - crud result{ _id: 59e39fa0bb54a53bc00717b5,
  useremail: 'mayank@gmail.com',
  username: 'mayank1',
  password1: 'a15170758fc1203eb3d0d444e5eabe114e92850364e170f6a41840b95399910354e28b29783b1928b3c492d61162798262dfe1dc3857164788a53cccee850441',
  role: 'customer',
  salt: '2f2a3e9f49381429',
  userid: 'iGBKoupScA789RkPPdjsRXBvrigMiNCM',
  registrationdate: 2017-10-15T17:49:20.441Z,
  emailverified: false,
  __v: 0,
  emailactivationtoken: 'OOvSVYz02GhTzRFKysH3ocIqbQp1TJ6X',
  social: [] }
[2017-11-03 22:58:59.134] [DEBUG] debug - config utils fillSession
[2017-11-03 22:58:59.135] [DEBUG] debug - config utils fillWebSession
[2017-11-03 23:01:24.739] [DEBUG] debug - routes index webindex
[2017-11-03 23:01:24.739] [DEBUG] debug - crud index checkSession
[2017-11-03 23:01:24.745] [DEBUG] debug - crud result{ _id: 59e39fa0bb54a53bc00717b5,
  useremail: 'mayank@gmail.com',
  username: 'mayank1',
  password1: 'a15170758fc1203eb3d0d444e5eabe114e92850364e170f6a41840b95399910354e28b29783b1928b3c492d61162798262dfe1dc3857164788a53cccee850441',
  role: 'customer',
  salt: '2f2a3e9f49381429',
  userid: 'iGBKoupScA789RkPPdjsRXBvrigMiNCM',
  registrationdate: 2017-10-15T17:49:20.441Z,
  emailverified: false,
  __v: 0,
  emailactivationtoken: 'OOvSVYz02GhTzRFKysH3ocIqbQp1TJ6X',
  social: [] }
[2017-11-03 23:01:24.746] [DEBUG] debug - config utils fillSession
[2017-11-03 23:01:24.746] [DEBUG] debug - config utils fillWebSession
[2017-11-03 23:01:31.798] [DEBUG] debug - routes index logout
[2017-11-03 23:01:31.799] [DEBUG] debug - crud index destroySession
[2017-11-03 23:01:31.800] [DEBUG] debug - config utils webSessionDestroy
[2017-11-03 23:01:32.254] [DEBUG] debug - routes index webindex
[2017-11-03 23:01:38.347] [DEBUG] debug - routes index webindex
[2017-11-03 23:01:44.714] [DEBUG] debug - routes index webindex
[2017-11-03 23:01:50.558] [DEBUG] debug - routes index webindex
[2017-11-03 23:01:57.151] [DEBUG] debug - routes index webindex
[2017-11-03 23:04:35.871] [DEBUG] debug - routes index webindex
[2017-11-03 23:04:53.858] [DEBUG] debug - routes login login
[2017-11-03 23:04:53.860] [DEBUG] debug - validate email
[2017-11-03 23:04:53.860] [DEBUG] debug - validate username
[2017-11-03 23:04:53.861] [DEBUG] debug - validate mobile
[2017-11-03 23:04:53.861] [DEBUG] debug - validate password
[2017-11-03 23:04:53.861] [DEBUG] debug - crud login doLogin
[2017-11-03 23:04:53.866] [DEBUG] debug - crud result{ _id: 59e39fa0bb54a53bc00717b5,
  useremail: 'mayank@gmail.com',
  username: 'mayank1',
  password1: 'a15170758fc1203eb3d0d444e5eabe114e92850364e170f6a41840b95399910354e28b29783b1928b3c492d61162798262dfe1dc3857164788a53cccee850441',
  role: 'customer',
  salt: '2f2a3e9f49381429',
  userid: 'iGBKoupScA789RkPPdjsRXBvrigMiNCM',
  registrationdate: 2017-10-15T17:49:20.441Z,
  emailverified: false,
  __v: 0,
  emailactivationtoken: 'OOvSVYz02GhTzRFKysH3ocIqbQp1TJ6X',
  social: [] }
[2017-11-03 23:04:53.867] [DEBUG] debug - config encrypt sha512
[2017-11-03 23:04:53.868] [DEBUG] debug - config utils fillSession
[2017-11-03 23:04:53.868] [DEBUG] debug - config utils fillWebSession
[2017-11-03 23:04:53.885] [DEBUG] debug - routes index webindex
[2017-11-03 23:04:53.885] [DEBUG] debug - crud index checkSession
[2017-11-03 23:04:53.889] [DEBUG] debug - crud result{ _id: 59e39fa0bb54a53bc00717b5,
  useremail: 'mayank@gmail.com',
  username: 'mayank1',
  password1: 'a15170758fc1203eb3d0d444e5eabe114e92850364e170f6a41840b95399910354e28b29783b1928b3c492d61162798262dfe1dc3857164788a53cccee850441',
  role: 'customer',
  salt: '2f2a3e9f49381429',
  userid: 'iGBKoupScA789RkPPdjsRXBvrigMiNCM',
  registrationdate: 2017-10-15T17:49:20.441Z,
  emailverified: false,
  __v: 0,
  emailactivationtoken: 'OOvSVYz02GhTzRFKysH3ocIqbQp1TJ6X',
  social: [] }
[2017-11-03 23:04:53.889] [DEBUG] debug - config utils fillSession
[2017-11-03 23:04:53.890] [DEBUG] debug - config utils fillWebSession
[2017-11-03 23:13:10.519] [DEBUG] debug - routes index webindex
[2017-11-03 23:13:10.525] [DEBUG] debug - crud index checkSession
[2017-11-03 23:13:10.576] [DEBUG] debug - crud result{ _id: 59e39fa0bb54a53bc00717b5,
  useremail: 'mayank@gmail.com',
  username: 'mayank1',
  password1: 'a15170758fc1203eb3d0d444e5eabe114e92850364e170f6a41840b95399910354e28b29783b1928b3c492d61162798262dfe1dc3857164788a53cccee850441',
  role: 'customer',
  salt: '2f2a3e9f49381429',
  userid: 'iGBKoupScA789RkPPdjsRXBvrigMiNCM',
  registrationdate: 2017-10-15T17:49:20.441Z,
  emailverified: false,
  __v: 0,
  emailactivationtoken: 'OOvSVYz02GhTzRFKysH3ocIqbQp1TJ6X',
  social: [] }
[2017-11-03 23:13:10.578] [DEBUG] debug - config utils fillSession
[2017-11-03 23:13:10.585] [DEBUG] debug - config utils fillWebSession
[2017-11-03 23:32:51.978] [DEBUG] debug - routes index logout
[2017-11-03 23:32:51.982] [DEBUG] debug - crud index destroySession
[2017-11-03 23:32:51.983] [DEBUG] debug - config utils webSessionDestroy
[2017-11-03 23:32:52.436] [DEBUG] debug - routes index webindex
[2017-11-03 23:33:02.437] [DEBUG] debug - routes index webindex
[2017-11-03 23:33:07.458] [DEBUG] debug - routes index webindex
[2017-11-04 11:41:37.337] [DEBUG] debug - routes index webindex
[2017-11-04 11:47:31.010] [DEBUG] debug - routes index webindex
[2017-11-04 11:48:13.697] [DEBUG] debug - routes index webindex
[2017-11-04 11:48:19.074] [DEBUG] debug - routes index webindex
[2017-11-04 11:48:35.162] [DEBUG] debug - routes login login
[2017-11-04 11:48:35.163] [DEBUG] debug - validate email
[2017-11-04 11:48:35.164] [DEBUG] debug - validate username
[2017-11-04 11:48:35.165] [DEBUG] debug - validate mobile
[2017-11-04 11:48:35.166] [DEBUG] debug - validate password
[2017-11-04 11:48:35.166] [DEBUG] debug - crud login doLogin
[2017-11-04 11:48:35.268] [DEBUG] debug - crud result{ _id: 59e39fa0bb54a53bc00717b5,
  useremail: 'mayank@gmail.com',
  username: 'mayank1',
  password1: 'a15170758fc1203eb3d0d444e5eabe114e92850364e170f6a41840b95399910354e28b29783b1928b3c492d61162798262dfe1dc3857164788a53cccee850441',
  role: 'customer',
  salt: '2f2a3e9f49381429',
  userid: 'iGBKoupScA789RkPPdjsRXBvrigMiNCM',
  registrationdate: 2017-10-15T17:49:20.441Z,
  emailverified: false,
  __v: 0,
  emailactivationtoken: 'OOvSVYz02GhTzRFKysH3ocIqbQp1TJ6X',
  social: [] }
[2017-11-04 11:48:35.288] [DEBUG] debug - config encrypt sha512
[2017-11-04 11:48:35.310] [DEBUG] debug - config utils fillSession
[2017-11-04 11:48:35.319] [DEBUG] debug - config utils fillWebSession
[2017-11-04 11:48:35.518] [DEBUG] debug - routes index webindex
[2017-11-04 11:48:35.519] [DEBUG] debug - crud index checkSession
[2017-11-04 11:48:35.527] [DEBUG] debug - crud result{ _id: 59e39fa0bb54a53bc00717b5,
  useremail: 'mayank@gmail.com',
  username: 'mayank1',
  password1: 'a15170758fc1203eb3d0d444e5eabe114e92850364e170f6a41840b95399910354e28b29783b1928b3c492d61162798262dfe1dc3857164788a53cccee850441',
  role: 'customer',
  salt: '2f2a3e9f49381429',
  userid: 'iGBKoupScA789RkPPdjsRXBvrigMiNCM',
  registrationdate: 2017-10-15T17:49:20.441Z,
  emailverified: false,
  __v: 0,
  emailactivationtoken: 'OOvSVYz02GhTzRFKysH3ocIqbQp1TJ6X',
  social: [] }
[2017-11-04 11:48:35.529] [DEBUG] debug - config utils fillSession
[2017-11-04 11:48:35.530] [DEBUG] debug - config utils fillWebSession
[2017-11-04 11:48:54.725] [DEBUG] debug - routes index webindex
[2017-11-04 11:48:54.725] [DEBUG] debug - crud index checkSession
[2017-11-04 11:48:54.734] [DEBUG] debug - crud result{ _id: 59e39fa0bb54a53bc00717b5,
  useremail: 'mayank@gmail.com',
  username: 'mayank1',
  password1: 'a15170758fc1203eb3d0d444e5eabe114e92850364e170f6a41840b95399910354e28b29783b1928b3c492d61162798262dfe1dc3857164788a53cccee850441',
  role: 'customer',
  salt: '2f2a3e9f49381429',
  userid: 'iGBKoupScA789RkPPdjsRXBvrigMiNCM',
  registrationdate: 2017-10-15T17:49:20.441Z,
  emailverified: false,
  __v: 0,
  emailactivationtoken: 'OOvSVYz02GhTzRFKysH3ocIqbQp1TJ6X',
  social: [] }
[2017-11-04 11:48:54.735] [DEBUG] debug - config utils fillSession
[2017-11-04 11:48:54.735] [DEBUG] debug - config utils fillWebSession
[2017-11-04 11:49:02.691] [DEBUG] debug - routes index webindex
[2017-11-04 11:49:02.691] [DEBUG] debug - crud index checkSession
[2017-11-04 11:49:02.698] [DEBUG] debug - crud result{ _id: 59e39fa0bb54a53bc00717b5,
  useremail: 'mayank@gmail.com',
  username: 'mayank1',
  password1: 'a15170758fc1203eb3d0d444e5eabe114e92850364e170f6a41840b95399910354e28b29783b1928b3c492d61162798262dfe1dc3857164788a53cccee850441',
  role: 'customer',
  salt: '2f2a3e9f49381429',
  userid: 'iGBKoupScA789RkPPdjsRXBvrigMiNCM',
  registrationdate: 2017-10-15T17:49:20.441Z,
  emailverified: false,
  __v: 0,
  emailactivationtoken: 'OOvSVYz02GhTzRFKysH3ocIqbQp1TJ6X',
  social: [] }
[2017-11-04 11:49:02.700] [DEBUG] debug - config utils fillSession
[2017-11-04 11:49:02.702] [DEBUG] debug - config utils fillWebSession
[2017-11-04 11:49:18.713] [DEBUG] debug - routes index webindex
[2017-11-04 11:49:18.714] [DEBUG] debug - crud index checkSession
[2017-11-04 11:49:18.717] [DEBUG] debug - crud result{ _id: 59e39fa0bb54a53bc00717b5,
  useremail: 'mayank@gmail.com',
  username: 'mayank1',
  password1: 'a15170758fc1203eb3d0d444e5eabe114e92850364e170f6a41840b95399910354e28b29783b1928b3c492d61162798262dfe1dc3857164788a53cccee850441',
  role: 'customer',
  salt: '2f2a3e9f49381429',
  userid: 'iGBKoupScA789RkPPdjsRXBvrigMiNCM',
  registrationdate: 2017-10-15T17:49:20.441Z,
  emailverified: false,
  __v: 0,
  emailactivationtoken: 'OOvSVYz02GhTzRFKysH3ocIqbQp1TJ6X',
  social: [] }
[2017-11-04 11:49:18.720] [DEBUG] debug - config utils fillSession
[2017-11-04 11:49:18.721] [DEBUG] debug - config utils fillWebSession
[2017-11-04 11:49:51.654] [DEBUG] debug - routes index webindex
[2017-11-04 11:49:51.654] [DEBUG] debug - crud index checkSession
[2017-11-04 11:49:51.663] [DEBUG] debug - crud result{ _id: 59e39fa0bb54a53bc00717b5,
  useremail: 'mayank@gmail.com',
  username: 'mayank1',
  password1: 'a15170758fc1203eb3d0d444e5eabe114e92850364e170f6a41840b95399910354e28b29783b1928b3c492d61162798262dfe1dc3857164788a53cccee850441',
  role: 'customer',
  salt: '2f2a3e9f49381429',
  userid: 'iGBKoupScA789RkPPdjsRXBvrigMiNCM',
  registrationdate: 2017-10-15T17:49:20.441Z,
  emailverified: false,
  __v: 0,
  emailactivationtoken: 'OOvSVYz02GhTzRFKysH3ocIqbQp1TJ6X',
  social: [] }
[2017-11-04 11:49:51.663] [DEBUG] debug - config utils fillSession
[2017-11-04 11:49:51.664] [DEBUG] debug - config utils fillWebSession
[2017-11-04 11:49:55.119] [DEBUG] debug - routes index logout
[2017-11-04 11:49:55.121] [DEBUG] debug - crud index destroySession
[2017-11-04 11:49:55.121] [DEBUG] debug - config utils webSessionDestroy
[2017-11-04 11:49:55.458] [DEBUG] debug - routes index webindex
[2017-11-04 11:50:27.799] [DEBUG] debug - routes index webindex
[2017-11-04 11:51:25.949] [DEBUG] debug - routes index webindex
[2017-11-04 11:51:33.922] [DEBUG] debug - routes index webindex
[2017-11-04 11:52:18.534] [DEBUG] debug - routes index webindex
[2017-11-04 12:01:46.933] [DEBUG] debug - routes index webindex
[2017-11-04 12:02:44.486] [DEBUG] debug - routes index webindex
[2017-11-04 12:03:55.656] [DEBUG] debug - routes index webindex
[2017-11-04 12:03:59.642] [DEBUG] debug - routes index webindex
[2017-11-04 12:04:12.599] [DEBUG] debug - routes index webindex
[2017-11-04 12:05:01.097] [DEBUG] debug - routes index webindex
[2017-11-04 12:05:38.678] [DEBUG] debug - routes index webindex
[2017-11-04 12:09:37.933] [DEBUG] debug - routes index webindex
[2017-11-04 12:10:34.403] [DEBUG] debug - routes index webindex
[2017-11-04 12:11:00.159] [DEBUG] debug - routes index webindex
[2017-11-04 12:18:54.812] [DEBUG] debug - routes index webindex
[2017-11-04 12:21:09.607] [DEBUG] debug - routes index webindex
[2017-11-04 12:27:08.602] [DEBUG] debug - routes index webindex
[2017-11-04 12:27:22.897] [DEBUG] debug - routes index webindex
[2017-11-04 12:27:37.077] [DEBUG] debug - routes index webindex
[2017-11-04 12:27:56.171] [DEBUG] debug - routes index webindex
[2017-11-04 12:28:03.663] [DEBUG] debug - routes index webindex
[2017-11-04 12:28:17.282] [DEBUG] debug - routes index webindex
[2017-11-04 12:46:36.842] [DEBUG] debug - routes index webindex
[2017-11-04 13:07:17.269] [DEBUG] debug - routes index webindex
[2017-11-04 13:15:36.991] [DEBUG] debug - routes index webindex
[2017-11-04 13:24:29.616] [DEBUG] debug - routes index webindex
[2017-11-04 13:24:33.204] [DEBUG] debug - routes index webindex
[2017-11-04 13:24:40.712] [DEBUG] debug - routes index webindex
